ERROR 2024-10-01 12:47:08,258 views Exception when calling ContentThreatDetectionApi->content_threat_detection_check_sql_injection_string: (401)
Reason: Unauthorized
HTTP response headers: HTTPHeaderDict({'Cache-Control': 'no-cache', 'Pragma': 'no-cache', 'Content-Length': '0', 'Expires': '-1', 'Server': 'Cloudmersive Server', 'X-AspNet-Version': '4.0.30319', 'request-context': 'appId=cid-v1:e28515ae-fd56-4a11-9282-829d5c3aa6d4', 'Access-Control-Expose-Headers': 'Request-Context', 'X-Powered-By': 'ASP.NET, ARR/3.0, Cloudmersive', 'Date': 'Tue, 01 Oct 2024 12:47:08 GMT'})

ERROR 2024-10-01 12:47:08,259 log Internal Server Error: /
Traceback (most recent call last):
  File "/home/windass/miniconda3/envs/security-operation-center/lib/python3.10/site-packages/django/core/handlers/exception.py", line 55, in inner
    response = get_response(request)
  File "/home/windass/miniconda3/envs/security-operation-center/lib/python3.10/site-packages/django/core/handlers/base.py", line 197, in _get_response
    response = wrapped_callback(request, *callback_args, **callback_kwargs)
  File "/home/windass/Documents/works/securityapi/secure_web_app/input_handler/views.py", line 44, in index
    is_sql_injection = response.contained_sql_injection_attack
AttributeError: 'NoneType' object has no attribute 'contained_sql_injection_attack'
ERROR 2024-10-01 12:51:18,243 views Unauthorized: Invalid API key for SQL injection check
WARNING 2024-10-01 12:51:18,243 views SQL injection check failed due to invalid API key
ERROR 2024-10-01 12:51:30,898 views Unauthorized: Invalid API key for SQL injection check
WARNING 2024-10-01 12:51:30,898 views SQL injection check failed due to invalid API key
ERROR 2024-10-01 12:51:53,115 views Unauthorized: Invalid API key for SQL injection check
WARNING 2024-10-01 12:51:53,115 views SQL injection check failed due to invalid API key
ERROR 2024-10-01 12:54:43,821 views Unauthorized: Invalid API key for SQL injection check
ERROR 2024-10-01 12:54:43,822 views SQL injection check failed. Error code: -14
ERROR 2024-10-01 12:55:02,280 views Unauthorized: Invalid API key for SQL injection check
ERROR 2024-10-01 12:55:02,280 views SQL injection check failed. Error code: -14
WARNING 2024-10-01 12:56:58,608 views Potential SQL Injection detected: 1' OR '1'='1
WARNING 2024-10-01 12:57:33,526 views Potential SQL Injection detected: 1' OR '1'='1
WARNING 2024-10-01 12:57:40,805 views Potential SQL Injection detected: 1' OR '1'='1
WARNING 2024-10-01 12:59:30,178 views Potential SQL Injection detected: ' OR '1'='1
WARNING 2024-10-01 13:12:21,533 views Potential SQL Injection detected: ' OR '1'='1
ERROR 2024-10-01 13:12:21,533 utils IPGEO_API_KEY is not set
WARNING 2024-10-01 13:12:25,429 views Potential SQL Injection detected: ' OR '1'='1
ERROR 2024-10-01 13:12:25,429 utils IPGEO_API_KEY is not set
WARNING 2024-10-01 13:13:20,948 views Potential SQL Injection detected: ' OR '1'='1
WARNING 2024-10-01 13:13:22,285 views Geolocation of potential attacker: 1.1.1.1 - Indonesia, Kecamatan Margorejo
WARNING 2024-10-01 13:13:25,857 views Potential SQL Injection detected: ' OR '1'='1
WARNING 2024-10-01 13:13:27,037 views Geolocation of potential attacker: 1.1.1.1 - Indonesia, Kecamatan Margorejo
